<?xml version="1.0" encoding="UTF-8"?>
<!-- Generated by org.testng.reporters.JUnitXMLReporter -->
<testsuite ignored="5" hostname="DARRELL" failures="0" tests="2" name="Incorrect Username" time="26.225" errors="0" timestamp="2024-09-03T11:47:42 PST">
  <testcase classname="assessment.CommonTest" name="executebrowser" time="4.949"/>
  <testcase classname="assessment.CommonTest" name="NegativeScenario1" time="21.228"/>
  <testcase classname="assessment.CommonTest" name="submitcontactpage" time="0.0">
    <ignored/>
  </testcase> <!-- submitcontactpage -->
  <testcase classname="assessment.CommonTest" name="NegativePasswordTest" time="0.0">
    <ignored/>
  </testcase> <!-- NegativePasswordTest -->
  <testcase classname="assessment.CommonTest" name="contactpage" time="0.0">
    <ignored/>
  </testcase> <!-- contactpage -->
  <testcase classname="assessment.CommonTest" name="NegativeScenario2" time="0.0">
    <ignored/>
  </testcase> <!-- NegativeScenario2 -->
  <testcase classname="assessment.CommonTest" name="NegativeUsernameTest" time="0.0">
    <ignored/>
  </testcase> <!-- NegativeUsernameTest -->
</testsuite> <!-- Incorrect Username -->
