<?xml version="1.0" encoding="UTF-8"?>
<!-- Generated by org.testng.reporters.JUnitXMLReporter -->
<testsuite ignored="7" hostname="DARRELL" failures="0" tests="2" name="Positive Scenario" time="31.172" errors="0" timestamp="2024-09-04T12:52:34 PST">
  <testcase classname="assessment.CommonTest" name="executebrowser" time="5.542"/>
  <testcase classname="assessment.CommonTest" name="PositiveScenario" time="25.593"/>
  <testcase classname="assessment.CommonTest" name="submitcontactpage" time="0.0">
    <ignored/>
  </testcase> <!-- submitcontactpage -->
  <testcase classname="assessment.CommonTest" name="PositiveTest" time="0.0">
    <ignored/>
  </testcase> <!-- PositiveTest -->
  <testcase classname="assessment.CommonTest" name="NegativePasswordTest" time="0.0">
    <ignored/>
  </testcase> <!-- NegativePasswordTest -->
  <testcase classname="assessment.CommonTest" name="contactpage" time="0.0">
    <ignored/>
  </testcase> <!-- contactpage -->
  <testcase classname="assessment.CommonTest" name="NegativeScenario2" time="0.0">
    <ignored/>
  </testcase> <!-- NegativeScenario2 -->
  <testcase classname="assessment.CommonTest" name="NegativeUsernameTest" time="0.0">
    <ignored/>
  </testcase> <!-- NegativeUsernameTest -->
  <testcase classname="assessment.CommonTest" name="NegativeScenario1" time="0.0">
    <ignored/>
  </testcase> <!-- NegativeScenario1 -->
</testsuite> <!-- Positive Scenario -->
