<?xml version="1.0" encoding="UTF-8"?>
<!-- Generated by org.testng.reporters.JUnitXMLReporter -->
<testsuite ignored="0" hostname="DARRELL" failures="0" tests="9" name="Test" time="9.093" errors="0" timestamp="2024-08-16T13:44:59 PST">
  <testcase classname="assessment.CommonTest" name="executebrowser" time="5.696"/>
  <testcase classname="assessment.CommonTest" name="contactpage" time="0.079"/>
  <testcase classname="assessment.CommonTest" name="submitcontactpage" time="2.052"/>
  <testcase classname="assessment.CommonTest" name="navigateform" time="0.272"/>
  <testcase classname="assessment.CommonTest" name="stuffedfrog" time="0.339"/>
  <testcase classname="assessment.CommonTest" name="fluffybunny" time="0.173"/>
  <testcase classname="assessment.CommonTest" name="valentinebunny" time="0.098"/>
  <testcase classname="assessment.CommonTest" name="navigatecart" time="0.054"/>
  <testcase classname="assessment.CommonTest" name="getthesum" time="0.266"/>
</testsuite> <!-- Test -->
